<?xml version="1.0" encoding="utf-8"?><testsuites name="pytest tests"><testsuite name="pytest" errors="0" failures="1" skipped="0" tests="29" time="9.278" timestamp="2026-09-19T12:58:12.617759+00:00" hostname="agent-env-d0ae4de8-dc35-4b8f-8d89-1312f2dc336e"><testcase classname="tests.test_iteration5_team_confirm_reset.TestTeam" name="test_invite_create" time="0.790" /><testcase classname="tests.test_iteration5_team_confirm_reset.TestTeam" name="test_invite_info_no_auth" time="0.125" /><testcase classname="tests.test_iteration5_team_confirm_reset.TestTeam" name="test_invite_accept" time="0.368" /><testcase classname="tests.test_iteration5_team_confirm_reset.TestTeam" name="test_invite_reaccept_fails" time="0.126" /><testcase classname="tests.test_iteration5_team_confirm_reset.TestTeam" name="test_list_users" time="0.143" /><testcase classname="tests.test_iteration5_team_confirm_reset.TestTeam" name="test_invite_existing_email_conflict" time="0.132" /><testcase classname="tests.test_iteration5_team_confirm_reset.TestTeam" name="test_delete_recepcja" time="0.112" /><testcase classname="tests.test_iteration5_team_confirm_reset.TestTeam" name="test_owner_cannot_delete_self" time="0.241" /><testcase classname="tests.test_iteration5_team_confirm_reset.TestRecepcjaPermissions" name="test_get_patients_allowed" time="0.494" /><testcase classname="tests.test_iteration5_team_confirm_reset.TestRecepcjaPermissions" name="test_upcoming_allowed" time="0.115" /><testcase classname="tests.test_iteration5_team_confirm_reset.TestRecepcjaPermissions" name="test_remind_allowed" time="0.264" /><testcase classname="tests.test_iteration5_team_confirm_reset.TestRecepcjaPermissions" name="test_settings_put_forbidden" time="0.133" /><testcase classname="tests.test_iteration5_team_confirm_reset.TestRecepcjaPermissions" name="test_templates_put_forbidden" time="0.113" /><testcase classname="tests.test_iteration5_team_confirm_reset.TestRecepcjaPermissions" name="test_procedures_post_forbidden" time="0.136" /><testcase classname="tests.test_iteration5_team_confirm_reset.TestRecepcjaPermissions" name="test_patient_delete_forbidden" time="0.225" /><testcase classname="tests.test_iteration5_team_confirm_reset.TestRecepcjaPermissions" name="test_reset_demo_forbidden" time="0.163" /><testcase classname="tests.test_iteration5_team_confirm_reset.TestRecepcjaPermissions" name="test_list_users_forbidden" time="0.119" /><testcase classname="tests.test_iteration5_team_confirm_reset.TestRecepcjaPermissions" name="test_invite_forbidden" time="0.136" /><testcase classname="tests.test_iteration5_team_confirm_reset.TestConfirmation" name="test_upcoming_fields" time="0.128" /><testcase classname="tests.test_iteration5_team_confirm_reset.TestConfirmation" name="test_public_appointment_endpoint" time="0.258" /><testcase classname="tests.test_iteration5_team_confirm_reset.TestConfirmation" name="test_respond_yes" time="0.276" /><testcase classname="tests.test_iteration5_team_confirm_reset.TestConfirmation" name="test_respond_invalid" time="0.261" /><testcase classname="tests.test_iteration5_team_confirm_reset.TestConfirmation" name="test_sms_inbound_no" time="0.915" /><testcase classname="tests.test_iteration5_team_confirm_reset.TestConfirmation" name="test_simulate_reply" time="0.506" /><testcase classname="tests.test_iteration5_team_confirm_reset.TestConfirmation" name="test_reminders_has_response_entries" time="0.121" /><testcase classname="tests.test_iteration5_team_confirm_reset.TestPasswordReset" name="test_forgot_unknown_email_generic_200" time="0.128" /><testcase classname="tests.test_iteration5_team_confirm_reset.TestPasswordReset" name="test_full_reset_flow" time="2.288" /><testcase classname="tests.test_iteration5_team_confirm_reset.TestSms24h" name="test_template_has_confirm_placeholder" time="0.118"><failure message="AssertionError: sms_24h template lacks {link_potwierdzenia}&#10;assert ('{link_potwierdzenia}' in 'Przypominamy: jutro {data_wizyty} o {godzina_wizyty} masz wizytę w {nazwa_gabinetu}, {adres}. W razie zmiany planów prosimy o kontakt: {telefon_gabinetu}.' or 'Przypominamy...on_gabinetu}.' == ''&#10;  &#10;  + Przypominamy: jutro {data_wizyty} o {godzina_wizyty} masz wizytę w {nazwa_gabinetu}, {adres}. W razie zmiany planów prosimy o kontakt: {telefon_gabinetu}.)">backend/tests/test_iteration5_team_confirm_reset.py:367: in test_template_has_confirm_placeholder
    assert "{link_potwierdzenia}" in sms_24h or sms_24h == "", \
E   AssertionError: sms_24h template lacks {link_potwierdzenia}
E   assert ('{link_potwierdzenia}' in 'Przypominamy: jutro {data_wizyty} o {godzina_wizyty} masz wizytę w {nazwa_gabinetu}, {adres}. W razie zmiany planów prosimy o kontakt: {telefon_gabinetu}.' or 'Przypominamy...on_gabinetu}.' == ''
E     
E     + Przypominamy: jutro {data_wizyty} o {godzina_wizyty} masz wizytę w {nazwa_gabinetu}, {adres}. W razie zmiany planów prosimy o kontakt: {telefon_gabinetu}.)</failure></testcase><testcase classname="tests.test_iteration5_team_confirm_reset.TestSms24h" name="test_send_24h" time="0.142" /></testsuite></testsuites>