<?xml version="1.0" encoding="utf-8"?><testsuites name="pytest tests"><testsuite name="pytest" errors="0" failures="1" skipped="0" tests="25" time="7.502" timestamp="2026-09-19T12:40:18.339891+00:00" hostname="agent-env-d0ae4de8-dc35-4b8f-8d89-1312f2dc336e"><testcase classname="tests.test_iteration4_auth_tenant.TestAuth" name="test_login_success" time="0.491" /><testcase classname="tests.test_iteration4_auth_tenant.TestAuth" name="test_login_wrong_password" time="0.341" /><testcase classname="tests.test_iteration4_auth_tenant.TestAuth" name="test_me_with_bearer" time="0.485" /><testcase classname="tests.test_iteration4_auth_tenant.TestAuth" name="test_protected_endpoints_without_token" time="0.395" /><testcase classname="tests.test_iteration4_auth_tenant.TestAuth" name="test_register_new_clinic_and_duplicate_and_weak_password" time="0.835" /><testcase classname="tests.test_iteration4_auth_tenant.TestIsolation" name="test_test_clinic_has_zero_patients" time="0.454" /><testcase classname="tests.test_iteration4_auth_tenant.TestIsolation" name="test_settings_not_shared" time="0.348" /><testcase classname="tests.test_iteration4_auth_tenant.TestIsolation" name="test_cross_clinic_timeline_404" time="0.259" /><testcase classname="tests.test_iteration4_auth_tenant.TestEmailSender" name="test_put_settings_with_email_and_key_then_mask" time="0.237" /><testcase classname="tests.test_iteration4_auth_tenant.TestEmailSender" name="test_put_without_key_keeps_it" time="0.122" /><testcase classname="tests.test_iteration4_auth_tenant.TestEmailSender" name="test_invalid_email_nadawca_400" time="0.132" /><testcase classname="tests.test_iteration4_auth_tenant.TestEmailSender" name="test_test_email_with_bad_key_400" time="0.340" /><testcase classname="tests.test_iteration4_auth_tenant.TestEmailSender" name="test_clear_key_falls_back_to_emergent" time="0.479" /><testcase classname="tests.test_iteration4_auth_tenant.TestEmailSender" name="test_sms_status_email_domain_fields" time="0.119" /><testcase classname="tests.test_iteration4_auth_tenant.TestPublicBooking" name="test_public_booking_no_secrets_leak" time="0.293" /><testcase classname="tests.test_iteration4_auth_tenant.TestPublicBooking" name="test_public_booking_confirm_creates_appointment" time="0.492" /><testcase classname="tests.test_iteration4_auth_tenant.TestReminders24h" name="test_send_24h_reminders" time="0.242" /><testcase classname="tests.test_iteration4_auth_tenant.TestReminders24h" name="test_send_24h_idempotent" time="0.129" /><testcase classname="tests.test_iteration4_auth_tenant.TestReminders24h" name="test_upcoming_has_flag" time="0.132" /><testcase classname="tests.test_iteration4_auth_tenant.TestCron" name="test_cron_unauthorized" time="0.338" /><testcase classname="tests.test_iteration4_auth_tenant.TestCron" name="test_cron_authorized" time="0.133" /><testcase classname="tests.test_iteration4_auth_tenant.TestCron" name="test_recall_run_returns_24h_key" time="0.118" /><testcase classname="tests.test_iteration4_auth_tenant.TestTemplates" name="test_templates_sms_24h" time="0.109"><failure message="AssertionError: assert 'sms_24h' in {'sms': 'Pacjent {imie}, minęło {interwal} od ostatniej wizyty ({procedura}). Zarezerwuj wizytę kontrolną: {link_do_zapisu} — {nazwa_gabinetu}', 'email_temat': 'Czas na wizytę kontrolną w {nazwa_gabinetu}', 'email': 'Dzień dobry {imie} {nazwisko},\n\nminęło {interwal} od Twojej ostatniej wizyty ({procedura}). Zapraszamy na wizytę kontrolną.\n\nZarezerwuj termin online: {link_do_zapisu}\n\nPozdrawiamy,\n{nazwa_gabinetu}', 'clinic_id': '6aae80fbf7e45c5cb330cff3', ...}">backend/tests/test_iteration4_auth_tenant.py:279: in test_templates_sms_24h
    assert "sms_24h" in d
E   AssertionError: assert 'sms_24h' in {'sms': 'Pacjent {imie}, minęło {interwal} od ostatniej wizyty ({procedura}). Zarezerwuj wizytę kontrolną: {link_do_zapisu} — {nazwa_gabinetu}', 'email_temat': 'Czas na wizytę kontrolną w {nazwa_gabinetu}', 'email': 'Dzień dobry {imie} {nazwisko},\n\nminęło {interwal} od Twojej ostatniej wizyty ({procedura}). Zapraszamy na wizytę kontrolną.\n\nZarezerwuj termin online: {link_do_zapisu}\n\nPozdrawiamy,\n{nazwa_gabinetu}', 'clinic_id': '6aae80fbf7e45c5cb330cff3', ...}</failure></testcase><testcase classname="tests.test_iteration4_auth_tenant.TestRegression" name="test_dashboard" time="0.116" /><testcase classname="tests.test_iteration4_auth_tenant.TestRegression" name="test_roi_pdf" time="0.249" /></testsuite></testsuites>