<?xml version="1.0" encoding="utf-8"?><testsuites name="pytest tests"><testsuite name="pytest" errors="0" failures="1" skipped="0" tests="21" time="7.892" timestamp="2026-09-19T11:30:57.780640+00:00" hostname="agent-env-d0ae4de8-dc35-4b8f-8d89-1312f2dc336e"><testcase classname="tests.backend_test" name="test_dashboard_stats" time="0.293" /><testcase classname="tests.backend_test" name="test_list_patients" time="0.063" /><testcase classname="tests.backend_test" name="test_patients_filters" time="0.061" /><testcase classname="tests.backend_test" name="test_patient_crud_flow" time="0.691" /><testcase classname="tests.backend_test" name="test_import_preview_and_commit" time="0.126" /><testcase classname="tests.backend_test" name="test_procedures_crud" time="0.242" /><testcase classname="tests.backend_test" name="test_templates" time="0.181" /><testcase classname="tests.backend_test" name="test_settings" time="0.184" /><testcase classname="tests.backend_test" name="test_reminders" time="0.119" /><testcase classname="tests.backend_test" name="test_recall_run" time="0.088" /><testcase classname="tests.backend_test" name="test_roi" time="0.064" /><testcase classname="tests.backend_test" name="test_booking_flow" time="0.422" /><testcase classname="tests.backend_test" name="test_booking_404" time="0.119" /><testcase classname="tests.backend_test" name="test_sms_status" time="0.061" /><testcase classname="tests.backend_test" name="test_roi_pdf_download" time="0.140" /><testcase classname="tests.backend_test" name="test_cron_recall_sequence_unauthorized" time="0.063" /><testcase classname="tests.backend_test" name="test_cron_recall_sequence_wrong_token" time="0.059" /><testcase classname="tests.backend_test" name="test_cron_recall_sequence_authorized_moves_patients" time="3.326" /><testcase classname="tests.backend_test" name="test_recall_run_returns_sequence_counters" time="0.184" /><testcase classname="tests.backend_test" name="test_sequence_logic_sms_and_email_consent" time="0.613" /><testcase classname="tests.backend_test" name="test_reset_demo_has_sekwencja_krok" time="0.153"><failure message="assert False&#10; +  where False = all(&lt;generator object test_reset_demo_has_sekwencja_krok.&lt;locals&gt;.&lt;genexpr&gt; at 0xfa5b8ea3f9f0&gt;)">backend/tests/backend_test.py:329: in test_reset_demo_has_sekwencja_krok
    assert all("sekwencja_krok" in p for p in patients)
E   assert False
E    +  where False = all(&lt;generator object test_reset_demo_has_sekwencja_krok.&lt;locals&gt;.&lt;genexpr&gt; at 0xfa5b8ea3f9f0&gt;)</failure></testcase></testsuite></testsuites>