<?xml version="1.0" encoding="utf-8"?><testsuites name="pytest tests"><testsuite name="pytest" errors="0" failures="2" skipped="0" tests="28" time="11.963" timestamp="2026-09-19T11:59:28.164140+00:00" hostname="agent-env-d0ae4de8-dc35-4b8f-8d89-1312f2dc336e"><testcase classname="tests.backend_test" name="test_dashboard_stats" time="0.292" /><testcase classname="tests.backend_test" name="test_list_patients" time="0.071" /><testcase classname="tests.backend_test" name="test_patients_filters" time="0.085" /><testcase classname="tests.backend_test" name="test_patient_crud_flow" time="1.100" /><testcase classname="tests.backend_test" name="test_import_preview_and_commit" time="0.150" /><testcase classname="tests.backend_test" name="test_procedures_crud" time="0.300" /><testcase classname="tests.backend_test" name="test_templates" time="0.205" /><testcase classname="tests.backend_test" name="test_settings" time="0.217" /><testcase classname="tests.backend_test" name="test_reminders" time="0.133" /><testcase classname="tests.backend_test" name="test_recall_run" time="0.084" /><testcase classname="tests.backend_test" name="test_roi" time="0.075" /><testcase classname="tests.backend_test" name="test_booking_flow" time="0.522" /><testcase classname="tests.backend_test" name="test_booking_404" time="0.143" /><testcase classname="tests.backend_test" name="test_sms_status" time="0.063" /><testcase classname="tests.backend_test" name="test_roi_pdf_download" time="0.139" /><testcase classname="tests.backend_test" name="test_cron_recall_sequence_unauthorized" time="0.072" /><testcase classname="tests.backend_test" name="test_cron_recall_sequence_wrong_token" time="0.075" /><testcase classname="tests.backend_test" name="test_cron_recall_sequence_authorized_moves_patients" time="3.381" /><testcase classname="tests.backend_test" name="test_recall_run_returns_sequence_counters" time="0.500" /><testcase classname="tests.backend_test" name="test_sequence_logic_sms_and_email_consent" time="1.058" /><testcase classname="tests.backend_test" name="test_reset_demo_has_sekwencja_krok" time="0.189" /><testcase classname="tests.backend_test" name="test_sms_status_email_fields" time="0.074" /><testcase classname="tests.backend_test" name="test_email_dispatch_real_deliverable" time="0.473"><failure message="AssertionError: assert None == 'EMAIL'&#10; +  where None = &lt;built-in method get of dict object at 0xfc557450c680&gt;('typ')&#10; +    where &lt;built-in method get of dict object at 0xfc557450c680&gt; = {'ok': True, 'reminder': {'pacjent_id': '6aae79292382b83a49906c80', 'pacjent_imie': 'TESTEMAIL Real', 'typ': 'EMAIL', 'odbiorca': 'delivered@resend.dev', ...}}.get">backend/tests/backend_test.py:370: in test_email_dispatch_real_deliverable
    assert rem.get("typ") == "EMAIL"
E   AssertionError: assert None == 'EMAIL'
E    +  where None = &lt;built-in method get of dict object at 0xfc557450c680&gt;('typ')
E    +    where &lt;built-in method get of dict object at 0xfc557450c680&gt; = {'ok': True, 'reminder': {'pacjent_id': '6aae79292382b83a49906c80', 'pacjent_imie': 'TESTEMAIL Real', 'typ': 'EMAIL', 'odbiorca': 'delivered@resend.dev', ...}}.get</failure></testcase><testcase classname="tests.backend_test" name="test_email_dispatch_invalid_email_graceful" time="0.281"><failure message="AssertionError: assert None == 'EMAIL'&#10; +  where None = &lt;built-in method get of dict object at 0xfc5574622200&gt;('typ')&#10; +    where &lt;built-in method get of dict object at 0xfc5574622200&gt; = {'ok': True, 'reminder': {'pacjent_id': '6aae792a2382b83a49906c82', 'pacjent_imie': 'TESTEMAIL Bad', 'typ': 'EMAIL', 'odbiorca': '@example.com', ...}}.get">backend/tests/backend_test.py:390: in test_email_dispatch_invalid_email_graceful
    assert rem.get("typ") == "EMAIL"
E   AssertionError: assert None == 'EMAIL'
E    +  where None = &lt;built-in method get of dict object at 0xfc5574622200&gt;('typ')
E    +    where &lt;built-in method get of dict object at 0xfc5574622200&gt; = {'ok': True, 'reminder': {'pacjent_id': '6aae792a2382b83a49906c82', 'pacjent_imie': 'TESTEMAIL Bad', 'typ': 'EMAIL', 'odbiorca': '@example.com', ...}}.get</failure></testcase><testcase classname="tests.backend_test" name="test_timeline_endpoint" time="0.276" /><testcase classname="tests.backend_test" name="test_timeline_404" time="0.064" /><testcase classname="tests.backend_test" name="test_slots_crud_flow" time="0.525" /><testcase classname="tests.backend_test" name="test_booking_uses_clinic_slots" time="0.758" /></testsuite></testsuites>